  KeyPair.cpp
C:\Users\xcwal\source\repos\LaBCry\LaBCry\KeyPair.cpp(30,80): warning C4244: 'argument': conversion from '_Rep' to 'unsigned int', possible loss of data
          with
          [
              _Rep=std::chrono::system_clock::rep
          ]
C:\Users\xcwal\source\repos\LaBCry\LaBCry\KeyPair.cpp(31,47): warning C4244: 'argument': conversion from 'size_t' to '_Ty', possible loss of data
          with
          [
              _Ty=float
          ]
C:\Users\xcwal\source\repos\LaBCry\LaBCry\KeyPair.cpp(33,22): warning C4244: 'argument': conversion from 'float' to '_Ty', possible loss of data
          with
          [
              _Ty=int
          ]
C:\Users\xcwal\source\repos\LaBCry\LaBCry\KeyPair.cpp(49,79): warning C4244: 'argument': conversion from '_Rep' to 'unsigned int', possible loss of data
          with
          [
              _Rep=std::chrono::system_clock::rep
          ]
C:\Users\xcwal\source\repos\LaBCry\LaBCry\KeyPair.cpp(50,87): warning C4244: 'argument': conversion from 'int' to '_Ty', possible loss of data
          with
          [
              _Ty=float
          ]
C:\Users\xcwal\source\repos\LaBCry\LaBCry\KeyPair.cpp(50,51): warning C4244: 'argument': conversion from 'int' to '_Ty', possible loss of data
          with
          [
              _Ty=float
          ]
C:\Users\xcwal\source\repos\LaBCry\LaBCry\KeyPair.cpp(51,16): warning C4244: 'initializing': conversion from 'float' to 'int32_t', possible loss of data
  main.cpp
  MessageCoder.cpp
C:\Users\xcwal\source\repos\LaBCry\LaBCry\MessageCoder.cpp(7,24): warning C4244: '+=': conversion from 'double' to 'int32_t', possible loss of data
  PrivateKey.cpp
C:\Users\xcwal\source\repos\LaBCry\LaBCry\PrivateKey.cpp(13,79): warning C4244: 'argument': conversion from '_Rep' to 'unsigned int', possible loss of data
          with
          [
              _Rep=std::chrono::system_clock::rep
          ]
  PublicKey.cpp
C:\Users\xcwal\source\repos\LaBCry\LaBCry\PublicKey.cpp(13,79): warning C4244: 'argument': conversion from '_Rep' to 'unsigned int', possible loss of data
          with
          [
              _Rep=std::chrono::system_clock::rep
          ]
  LaBCry.vcxproj -> C:\Users\xcwal\source\repos\LaBCry\x64\Release\LaBCry.lib
